[0.055s] Invoking command in '/home/sharshith/Downloads/AdvancedProject/ros2_ws/build/mobile_base_description': CMAKE_PREFIX_PATH=${CMAKE_PREFIX_PATH}:/opt/ros/jazzy DEBUGINFOD_URLS=https://debuginfod.ubuntu.com /usr/bin/cmake --build /home/sharshith/Downloads/AdvancedProject/ros2_ws/build/mobile_base_description -- -j4 -l4
[0.230s] -- Found ament_cmake: 2.5.3 (/opt/ros/jazzy/share/ament_cmake/cmake)
[1.033s] -- Configuring done (0.9s)
[1.107s] -- Generating done (0.0s)
[1.139s] -- Build files have been written to: /home/sharshith/Downloads/AdvancedProject/ros2_ws/build/mobile_base_description
[1.168s] Invoked command in '/home/sharshith/Downloads/AdvancedProject/ros2_ws/build/mobile_base_description' returned '0': CMAKE_PREFIX_PATH=${CMAKE_PREFIX_PATH}:/opt/ros/jazzy DEBUGINFOD_URLS=https://debuginfod.ubuntu.com /usr/bin/cmake --build /home/sharshith/Downloads/AdvancedProject/ros2_ws/build/mobile_base_description -- -j4 -l4
[1.180s] Invoking command in '/home/sharshith/Downloads/AdvancedProject/ros2_ws/build/mobile_base_description': CMAKE_PREFIX_PATH=${CMAKE_PREFIX_PATH}:/opt/ros/jazzy DEBUGINFOD_URLS=https://debuginfod.ubuntu.com /usr/bin/cmake --install /home/sharshith/Downloads/AdvancedProject/ros2_ws/build/mobile_base_description
[1.189s] -- Install configuration: ""
[1.190s] -- Up-to-date: /home/sharshith/Downloads/AdvancedProject/ros2_ws/install/mobile_base_description/share/mobile_base_description//urdf
[1.190s] -- Up-to-date: /home/sharshith/Downloads/AdvancedProject/ros2_ws/install/mobile_base_description/share/mobile_base_description//urdf/mobile_base.urdf
[1.190s] -- Up-to-date: /home/sharshith/Downloads/AdvancedProject/ros2_ws/install/mobile_base_description/share/mobile_base_description//launch
[1.190s] -- Up-to-date: /home/sharshith/Downloads/AdvancedProject/ros2_ws/install/mobile_base_description/share/mobile_base_description//launch/display.launch.xml
[1.190s] -- Installing: /home/sharshith/Downloads/AdvancedProject/ros2_ws/install/mobile_base_description/share/mobile_base_description//launch/display.launch.py
[1.190s] -- Installing: /home/sharshith/Downloads/AdvancedProject/ros2_ws/install/mobile_base_description/share/mobile_base_description//rviz
[1.191s] -- Installing: /home/sharshith/Downloads/AdvancedProject/ros2_ws/install/mobile_base_description/share/mobile_base_description//rviz/urdf_config.rviz
[1.191s] -- Up-to-date: /home/sharshith/Downloads/AdvancedProject/ros2_ws/install/mobile_base_description/share/ament_index/resource_index/package_run_dependencies/mobile_base_description
[1.191s] -- Installing: /home/sharshith/Downloads/AdvancedProject/ros2_ws/install/mobile_base_description/share/ament_index/resource_index/parent_prefix_path/mobile_base_description
[1.191s] -- Up-to-date: /home/sharshith/Downloads/AdvancedProject/ros2_ws/install/mobile_base_description/share/mobile_base_description/environment/ament_prefix_path.sh
[1.191s] -- Up-to-date: /home/sharshith/Downloads/AdvancedProject/ros2_ws/install/mobile_base_description/share/mobile_base_description/environment/ament_prefix_path.dsv
[1.192s] -- Up-to-date: /home/sharshith/Downloads/AdvancedProject/ros2_ws/install/mobile_base_description/share/mobile_base_description/environment/path.sh
[1.192s] -- Up-to-date: /home/sharshith/Downloads/AdvancedProject/ros2_ws/install/mobile_base_description/share/mobile_base_description/environment/path.dsv
[1.192s] -- Up-to-date: /home/sharshith/Downloads/AdvancedProject/ros2_ws/install/mobile_base_description/share/mobile_base_description/local_setup.bash
[1.192s] -- Up-to-date: /home/sharshith/Downloads/AdvancedProject/ros2_ws/install/mobile_base_description/share/mobile_base_description/local_setup.sh
[1.192s] -- Up-to-date: /home/sharshith/Downloads/AdvancedProject/ros2_ws/install/mobile_base_description/share/mobile_base_description/local_setup.zsh
[1.192s] -- Up-to-date: /home/sharshith/Downloads/AdvancedProject/ros2_ws/install/mobile_base_description/share/mobile_base_description/local_setup.dsv
[1.192s] -- Installing: /home/sharshith/Downloads/AdvancedProject/ros2_ws/install/mobile_base_description/share/mobile_base_description/package.dsv
[1.193s] -- Up-to-date: /home/sharshith/Downloads/AdvancedProject/ros2_ws/install/mobile_base_description/share/ament_index/resource_index/packages/mobile_base_description
[1.193s] -- Up-to-date: /home/sharshith/Downloads/AdvancedProject/ros2_ws/install/mobile_base_description/share/mobile_base_description/cmake/mobile_base_descriptionConfig.cmake
[1.193s] -- Up-to-date: /home/sharshith/Downloads/AdvancedProject/ros2_ws/install/mobile_base_description/share/mobile_base_description/cmake/mobile_base_descriptionConfig-version.cmake
[1.193s] -- Up-to-date: /home/sharshith/Downloads/AdvancedProject/ros2_ws/install/mobile_base_description/share/mobile_base_description/package.xml
[1.194s] Invoked command in '/home/sharshith/Downloads/AdvancedProject/ros2_ws/build/mobile_base_description' returned '0': CMAKE_PREFIX_PATH=${CMAKE_PREFIX_PATH}:/opt/ros/jazzy DEBUGINFOD_URLS=https://debuginfod.ubuntu.com /usr/bin/cmake --install /home/sharshith/Downloads/AdvancedProject/ros2_ws/build/mobile_base_description
