[0.015s] Invoking command in '/home/sharshith/Downloads/AdvancedProject/ros2_ws/build/my_robot_bringup': CMAKE_PREFIX_PATH=${CMAKE_PREFIX_PATH}:/opt/ros/jazzy DEBUGINFOD_URLS=https://debuginfod.ubuntu.com /usr/bin/cmake /home/sharshith/Downloads/AdvancedProject/ros2_ws/src/my_robot_bringup -DCMAKE_INSTALL_PREFIX=/home/sharshith/Downloads/AdvancedProject/ros2_ws/install/my_robot_bringup
[1.595s] -- The C compiler identification is GNU 13.3.0
[2.996s] -- The CXX compiler identification is GNU 13.3.0
[3.115s] -- Detecting C compiler ABI info
[3.409s] -- Detecting C compiler ABI info - done
[3.422s] -- Check for working C compiler: /usr/bin/cc - skipped
[3.423s] -- Detecting C compile features
[3.432s] -- Detecting C compile features - done
[3.479s] -- Detecting CXX compiler ABI info
[3.716s] -- Detecting CXX compiler ABI info - done
[3.732s] -- Check for working CXX compiler: /usr/bin/c++ - skipped
[3.733s] -- Detecting CXX compile features
[3.733s] -- Detecting CXX compile features - done
[3.789s] -- Found ament_cmake: 2.5.3 (/opt/ros/jazzy/share/ament_cmake/cmake)
[3.987s] -- Found Python3: /usr/bin/python3 (found version "3.12.3") found components: Interpreter 
[4.267s] -- Configuring done (4.2s)
[4.272s] -- Generating done (0.0s)
[4.275s] -- Build files have been written to: /home/sharshith/Downloads/AdvancedProject/ros2_ws/build/my_robot_bringup
[4.283s] Invoked command in '/home/sharshith/Downloads/AdvancedProject/ros2_ws/build/my_robot_bringup' returned '0': CMAKE_PREFIX_PATH=${CMAKE_PREFIX_PATH}:/opt/ros/jazzy DEBUGINFOD_URLS=https://debuginfod.ubuntu.com /usr/bin/cmake /home/sharshith/Downloads/AdvancedProject/ros2_ws/src/my_robot_bringup -DCMAKE_INSTALL_PREFIX=/home/sharshith/Downloads/AdvancedProject/ros2_ws/install/my_robot_bringup
[4.284s] Invoking command in '/home/sharshith/Downloads/AdvancedProject/ros2_ws/build/my_robot_bringup': CMAKE_PREFIX_PATH=${CMAKE_PREFIX_PATH}:/opt/ros/jazzy DEBUGINFOD_URLS=https://debuginfod.ubuntu.com /usr/bin/cmake --build /home/sharshith/Downloads/AdvancedProject/ros2_ws/build/my_robot_bringup -- -j4 -l4
[4.332s] Invoked command in '/home/sharshith/Downloads/AdvancedProject/ros2_ws/build/my_robot_bringup' returned '0': CMAKE_PREFIX_PATH=${CMAKE_PREFIX_PATH}:/opt/ros/jazzy DEBUGINFOD_URLS=https://debuginfod.ubuntu.com /usr/bin/cmake --build /home/sharshith/Downloads/AdvancedProject/ros2_ws/build/my_robot_bringup -- -j4 -l4
[4.334s] Invoking command in '/home/sharshith/Downloads/AdvancedProject/ros2_ws/build/my_robot_bringup': CMAKE_PREFIX_PATH=${CMAKE_PREFIX_PATH}:/opt/ros/jazzy DEBUGINFOD_URLS=https://debuginfod.ubuntu.com /usr/bin/cmake --install /home/sharshith/Downloads/AdvancedProject/ros2_ws/build/my_robot_bringup
[4.343s] -- Install configuration: ""
[4.343s] -- Installing: /home/sharshith/Downloads/AdvancedProject/ros2_ws/install/my_robot_bringup/share/my_robot_bringup//launch
[4.343s] -- Installing: /home/sharshith/Downloads/AdvancedProject/ros2_ws/install/my_robot_bringup/share/my_robot_bringup//launch/my_robot_gazebo.launch.xml
[4.343s] -- Installing: /home/sharshith/Downloads/AdvancedProject/ros2_ws/install/my_robot_bringup/share/my_robot_bringup//config
[4.344s] -- Installing: /home/sharshith/Downloads/AdvancedProject/ros2_ws/install/my_robot_bringup/share/my_robot_bringup//config/gazebo_bridge.yaml
[4.344s] -- Installing: /home/sharshith/Downloads/AdvancedProject/ros2_ws/install/my_robot_bringup/share/my_robot_bringup//worlds
[4.344s] -- Installing: /home/sharshith/Downloads/AdvancedProject/ros2_ws/install/my_robot_bringup/share/my_robot_bringup//worlds/test_world.sdf
[4.344s] -- Installing: /home/sharshith/Downloads/AdvancedProject/ros2_ws/install/my_robot_bringup/share/ament_index/resource_index/package_run_dependencies/my_robot_bringup
[4.344s] -- Installing: /home/sharshith/Downloads/AdvancedProject/ros2_ws/install/my_robot_bringup/share/ament_index/resource_index/parent_prefix_path/my_robot_bringup
[4.345s] -- Installing: /home/sharshith/Downloads/AdvancedProject/ros2_ws/install/my_robot_bringup/share/my_robot_bringup/environment/ament_prefix_path.sh
[4.345s] -- Installing: /home/sharshith/Downloads/AdvancedProject/ros2_ws/install/my_robot_bringup/share/my_robot_bringup/environment/ament_prefix_path.dsv
[4.345s] -- Installing: /home/sharshith/Downloads/AdvancedProject/ros2_ws/install/my_robot_bringup/share/my_robot_bringup/environment/path.sh
[4.345s] -- Installing: /home/sharshith/Downloads/AdvancedProject/ros2_ws/install/my_robot_bringup/share/my_robot_bringup/environment/path.dsv
[4.346s] -- Installing: /home/sharshith/Downloads/AdvancedProject/ros2_ws/install/my_robot_bringup/share/my_robot_bringup/local_setup.bash
[4.346s] -- Installing: /home/sharshith/Downloads/AdvancedProject/ros2_ws/install/my_robot_bringup/share/my_robot_bringup/local_setup.sh
[4.346s] -- Installing: /home/sharshith/Downloads/AdvancedProject/ros2_ws/install/my_robot_bringup/share/my_robot_bringup/local_setup.zsh
[4.347s] -- Installing: /home/sharshith/Downloads/AdvancedProject/ros2_ws/install/my_robot_bringup/share/my_robot_bringup/local_setup.dsv
[4.347s] -- Installing: /home/sharshith/Downloads/AdvancedProject/ros2_ws/install/my_robot_bringup/share/my_robot_bringup/package.dsv
[4.348s] -- Installing: /home/sharshith/Downloads/AdvancedProject/ros2_ws/install/my_robot_bringup/share/ament_index/resource_index/packages/my_robot_bringup
[4.348s] -- Installing: /home/sharshith/Downloads/AdvancedProject/ros2_ws/install/my_robot_bringup/share/my_robot_bringup/cmake/my_robot_bringupConfig.cmake
[4.348s] -- Installing: /home/sharshith/Downloads/AdvancedProject/ros2_ws/install/my_robot_bringup/share/my_robot_bringup/cmake/my_robot_bringupConfig-version.cmake
[4.349s] -- Installing: /home/sharshith/Downloads/AdvancedProject/ros2_ws/install/my_robot_bringup/share/my_robot_bringup/package.xml
[4.350s] Invoked command in '/home/sharshith/Downloads/AdvancedProject/ros2_ws/build/my_robot_bringup' returned '0': CMAKE_PREFIX_PATH=${CMAKE_PREFIX_PATH}:/opt/ros/jazzy DEBUGINFOD_URLS=https://debuginfod.ubuntu.com /usr/bin/cmake --install /home/sharshith/Downloads/AdvancedProject/ros2_ws/build/my_robot_bringup
