[0.014s] Invoking command in '/home/sharshith/Downloads/AdvancedProject/ros2_ws/build/mobile_base_description': CMAKE_PREFIX_PATH=${CMAKE_PREFIX_PATH}:/opt/ros/jazzy DEBUGINFOD_URLS=https://debuginfod.ubuntu.com /usr/bin/cmake /home/sharshith/Downloads/AdvancedProject/ros2_ws/src/mobile_base_description -DCMAKE_INSTALL_PREFIX=/home/sharshith/Downloads/AdvancedProject/ros2_ws/install/mobile_base_description
[0.054s] -- Found ament_cmake: 2.5.3 (/opt/ros/jazzy/share/ament_cmake/cmake)
[0.286s] -- Found Python3: /usr/bin/python3 (found version "3.12.3") found components: Interpreter 
[0.757s] -- Configuring done (0.7s)
[0.763s] -- Generating done (0.0s)
[0.765s] -- Build files have been written to: /home/sharshith/Downloads/AdvancedProject/ros2_ws/build/mobile_base_description
[0.768s] Invoked command in '/home/sharshith/Downloads/AdvancedProject/ros2_ws/build/mobile_base_description' returned '0': CMAKE_PREFIX_PATH=${CMAKE_PREFIX_PATH}:/opt/ros/jazzy DEBUGINFOD_URLS=https://debuginfod.ubuntu.com /usr/bin/cmake /home/sharshith/Downloads/AdvancedProject/ros2_ws/src/mobile_base_description -DCMAKE_INSTALL_PREFIX=/home/sharshith/Downloads/AdvancedProject/ros2_ws/install/mobile_base_description
[0.770s] Invoking command in '/home/sharshith/Downloads/AdvancedProject/ros2_ws/build/mobile_base_description': CMAKE_PREFIX_PATH=${CMAKE_PREFIX_PATH}:/opt/ros/jazzy DEBUGINFOD_URLS=https://debuginfod.ubuntu.com /usr/bin/cmake --build /home/sharshith/Downloads/AdvancedProject/ros2_ws/build/mobile_base_description -- -j4 -l4
[0.815s] Invoked command in '/home/sharshith/Downloads/AdvancedProject/ros2_ws/build/mobile_base_description' returned '0': CMAKE_PREFIX_PATH=${CMAKE_PREFIX_PATH}:/opt/ros/jazzy DEBUGINFOD_URLS=https://debuginfod.ubuntu.com /usr/bin/cmake --build /home/sharshith/Downloads/AdvancedProject/ros2_ws/build/mobile_base_description -- -j4 -l4
[0.826s] Invoking command in '/home/sharshith/Downloads/AdvancedProject/ros2_ws/build/mobile_base_description': CMAKE_PREFIX_PATH=${CMAKE_PREFIX_PATH}:/opt/ros/jazzy DEBUGINFOD_URLS=https://debuginfod.ubuntu.com /usr/bin/cmake --install /home/sharshith/Downloads/AdvancedProject/ros2_ws/build/mobile_base_description
[0.835s] -- Install configuration: ""
[0.835s] -- Installing: /home/sharshith/Downloads/AdvancedProject/ros2_ws/install/mobile_base_description/share/mobile_base_description//urdf
[0.836s] -- Installing: /home/sharshith/Downloads/AdvancedProject/ros2_ws/install/mobile_base_description/share/mobile_base_description//urdf/mobile_base.urdf
[0.836s] -- Installing: /home/sharshith/Downloads/AdvancedProject/ros2_ws/install/mobile_base_description/share/ament_index/resource_index/package_run_dependencies/mobile_base_description
[0.836s] -- Installing: /home/sharshith/Downloads/AdvancedProject/ros2_ws/install/mobile_base_description/share/ament_index/resource_index/parent_prefix_path/mobile_base_description
[0.836s] -- Installing: /home/sharshith/Downloads/AdvancedProject/ros2_ws/install/mobile_base_description/share/mobile_base_description/environment/ament_prefix_path.sh
[0.837s] -- Installing: /home/sharshith/Downloads/AdvancedProject/ros2_ws/install/mobile_base_description/share/mobile_base_description/environment/ament_prefix_path.dsv
[0.837s] -- Installing: /home/sharshith/Downloads/AdvancedProject/ros2_ws/install/mobile_base_description/share/mobile_base_description/environment/path.sh
[0.837s] -- Installing: /home/sharshith/Downloads/AdvancedProject/ros2_ws/install/mobile_base_description/share/mobile_base_description/environment/path.dsv
[0.837s] -- Installing: /home/sharshith/Downloads/AdvancedProject/ros2_ws/install/mobile_base_description/share/mobile_base_description/local_setup.bash
[0.838s] -- Installing: /home/sharshith/Downloads/AdvancedProject/ros2_ws/install/mobile_base_description/share/mobile_base_description/local_setup.sh
[0.838s] -- Installing: /home/sharshith/Downloads/AdvancedProject/ros2_ws/install/mobile_base_description/share/mobile_base_description/local_setup.zsh
[0.838s] -- Installing: /home/sharshith/Downloads/AdvancedProject/ros2_ws/install/mobile_base_description/share/mobile_base_description/local_setup.dsv
[0.838s] -- Installing: /home/sharshith/Downloads/AdvancedProject/ros2_ws/install/mobile_base_description/share/mobile_base_description/package.dsv
[0.839s] -- Installing: /home/sharshith/Downloads/AdvancedProject/ros2_ws/install/mobile_base_description/share/ament_index/resource_index/packages/mobile_base_description
[0.839s] -- Installing: /home/sharshith/Downloads/AdvancedProject/ros2_ws/install/mobile_base_description/share/mobile_base_description/cmake/mobile_base_descriptionConfig.cmake
[0.839s] -- Installing: /home/sharshith/Downloads/AdvancedProject/ros2_ws/install/mobile_base_description/share/mobile_base_description/cmake/mobile_base_descriptionConfig-version.cmake
[0.839s] -- Installing: /home/sharshith/Downloads/AdvancedProject/ros2_ws/install/mobile_base_description/share/mobile_base_description/package.xml
[0.842s] Invoked command in '/home/sharshith/Downloads/AdvancedProject/ros2_ws/build/mobile_base_description' returned '0': CMAKE_PREFIX_PATH=${CMAKE_PREFIX_PATH}:/opt/ros/jazzy DEBUGINFOD_URLS=https://debuginfod.ubuntu.com /usr/bin/cmake --install /home/sharshith/Downloads/AdvancedProject/ros2_ws/build/mobile_base_description
