[0.044s] Invoking command in '/home/sharshith/Downloads/AdvancedProject/ros2_ws/build/mobile_base_description': CMAKE_PREFIX_PATH=${CMAKE_PREFIX_PATH}:/opt/ros/jazzy DEBUGINFOD_URLS=https://debuginfod.ubuntu.com /usr/bin/cmake --build /home/sharshith/Downloads/AdvancedProject/ros2_ws/build/mobile_base_description -- -j4 -l4
[0.230s] -- Found ament_cmake: 2.5.3 (/opt/ros/jazzy/share/ament_cmake/cmake)
[0.675s] -- Configuring done (0.6s)
[0.681s] -- Generating done (0.0s)
[0.684s] -- Build files have been written to: /home/sharshith/Downloads/AdvancedProject/ros2_ws/build/mobile_base_description
[0.711s] Invoked command in '/home/sharshith/Downloads/AdvancedProject/ros2_ws/build/mobile_base_description' returned '0': CMAKE_PREFIX_PATH=${CMAKE_PREFIX_PATH}:/opt/ros/jazzy DEBUGINFOD_URLS=https://debuginfod.ubuntu.com /usr/bin/cmake --build /home/sharshith/Downloads/AdvancedProject/ros2_ws/build/mobile_base_description -- -j4 -l4
[0.723s] Invoking command in '/home/sharshith/Downloads/AdvancedProject/ros2_ws/build/mobile_base_description': CMAKE_PREFIX_PATH=${CMAKE_PREFIX_PATH}:/opt/ros/jazzy DEBUGINFOD_URLS=https://debuginfod.ubuntu.com /usr/bin/cmake --install /home/sharshith/Downloads/AdvancedProject/ros2_ws/build/mobile_base_description
[0.733s] -- Install configuration: ""
[0.733s] -- Up-to-date: /home/sharshith/Downloads/AdvancedProject/ros2_ws/install/mobile_base_description/share/mobile_base_description//urdf
[0.733s] -- Up-to-date: /home/sharshith/Downloads/AdvancedProject/ros2_ws/install/mobile_base_description/share/mobile_base_description//urdf/mobile_base.urdf
[0.733s] -- Installing: /home/sharshith/Downloads/AdvancedProject/ros2_ws/install/mobile_base_description/share/mobile_base_description//launch
[0.733s] -- Installing: /home/sharshith/Downloads/AdvancedProject/ros2_ws/install/mobile_base_description/share/mobile_base_description//launch/display.launch.xml
[0.734s] -- Up-to-date: /home/sharshith/Downloads/AdvancedProject/ros2_ws/install/mobile_base_description/share/ament_index/resource_index/package_run_dependencies/mobile_base_description
[0.734s] -- Up-to-date: /home/sharshith/Downloads/AdvancedProject/ros2_ws/install/mobile_base_description/share/ament_index/resource_index/parent_prefix_path/mobile_base_description
[0.734s] -- Up-to-date: /home/sharshith/Downloads/AdvancedProject/ros2_ws/install/mobile_base_description/share/mobile_base_description/environment/ament_prefix_path.sh
[0.734s] -- Up-to-date: /home/sharshith/Downloads/AdvancedProject/ros2_ws/install/mobile_base_description/share/mobile_base_description/environment/ament_prefix_path.dsv
[0.734s] -- Up-to-date: /home/sharshith/Downloads/AdvancedProject/ros2_ws/install/mobile_base_description/share/mobile_base_description/environment/path.sh
[0.734s] -- Up-to-date: /home/sharshith/Downloads/AdvancedProject/ros2_ws/install/mobile_base_description/share/mobile_base_description/environment/path.dsv
[0.735s] -- Up-to-date: /home/sharshith/Downloads/AdvancedProject/ros2_ws/install/mobile_base_description/share/mobile_base_description/local_setup.bash
[0.735s] -- Up-to-date: /home/sharshith/Downloads/AdvancedProject/ros2_ws/install/mobile_base_description/share/mobile_base_description/local_setup.sh
[0.735s] -- Up-to-date: /home/sharshith/Downloads/AdvancedProject/ros2_ws/install/mobile_base_description/share/mobile_base_description/local_setup.zsh
[0.735s] -- Up-to-date: /home/sharshith/Downloads/AdvancedProject/ros2_ws/install/mobile_base_description/share/mobile_base_description/local_setup.dsv
[0.735s] -- Up-to-date: /home/sharshith/Downloads/AdvancedProject/ros2_ws/install/mobile_base_description/share/mobile_base_description/package.dsv
[0.735s] -- Up-to-date: /home/sharshith/Downloads/AdvancedProject/ros2_ws/install/mobile_base_description/share/ament_index/resource_index/packages/mobile_base_description
[0.736s] -- Up-to-date: /home/sharshith/Downloads/AdvancedProject/ros2_ws/install/mobile_base_description/share/mobile_base_description/cmake/mobile_base_descriptionConfig.cmake
[0.736s] -- Up-to-date: /home/sharshith/Downloads/AdvancedProject/ros2_ws/install/mobile_base_description/share/mobile_base_description/cmake/mobile_base_descriptionConfig-version.cmake
[0.736s] -- Up-to-date: /home/sharshith/Downloads/AdvancedProject/ros2_ws/install/mobile_base_description/share/mobile_base_description/package.xml
[0.737s] Invoked command in '/home/sharshith/Downloads/AdvancedProject/ros2_ws/build/mobile_base_description' returned '0': CMAKE_PREFIX_PATH=${CMAKE_PREFIX_PATH}:/opt/ros/jazzy DEBUGINFOD_URLS=https://debuginfod.ubuntu.com /usr/bin/cmake --install /home/sharshith/Downloads/AdvancedProject/ros2_ws/build/mobile_base_description
