[0.016s] Invoking command in '/home/sharshith/Downloads/AdvancedProject/ros2_ws/build/mobile_base_description': CMAKE_PREFIX_PATH=${CMAKE_PREFIX_PATH}:/opt/ros/jazzy DEBUGINFOD_URLS=https://debuginfod.ubuntu.com /usr/bin/cmake /home/sharshith/Downloads/AdvancedProject/ros2_ws/src/mobile_base_description -DCMAKE_INSTALL_PREFIX=/home/sharshith/Downloads/AdvancedProject/ros2_ws/install/mobile_base_description
[0.125s] -- Found ament_cmake: 2.5.3 (/opt/ros/jazzy/share/ament_cmake/cmake)
[0.434s] -- Override CMake install command with custom implementation using symlinks instead of copying resources
[0.574s] -- Configuring done (0.5s)
[0.600s] -- Generating done (0.0s)
[0.604s] -- Build files have been written to: /home/sharshith/Downloads/AdvancedProject/ros2_ws/build/mobile_base_description
[0.609s] Invoked command in '/home/sharshith/Downloads/AdvancedProject/ros2_ws/build/mobile_base_description' returned '0': CMAKE_PREFIX_PATH=${CMAKE_PREFIX_PATH}:/opt/ros/jazzy DEBUGINFOD_URLS=https://debuginfod.ubuntu.com /usr/bin/cmake /home/sharshith/Downloads/AdvancedProject/ros2_ws/src/mobile_base_description -DCMAKE_INSTALL_PREFIX=/home/sharshith/Downloads/AdvancedProject/ros2_ws/install/mobile_base_description
[0.611s] Invoking command in '/home/sharshith/Downloads/AdvancedProject/ros2_ws/build/mobile_base_description': CMAKE_PREFIX_PATH=${CMAKE_PREFIX_PATH}:/opt/ros/jazzy DEBUGINFOD_URLS=https://debuginfod.ubuntu.com /usr/bin/cmake --build /home/sharshith/Downloads/AdvancedProject/ros2_ws/build/mobile_base_description -- -j4 -l4
[0.692s] Invoked command in '/home/sharshith/Downloads/AdvancedProject/ros2_ws/build/mobile_base_description' returned '0': CMAKE_PREFIX_PATH=${CMAKE_PREFIX_PATH}:/opt/ros/jazzy DEBUGINFOD_URLS=https://debuginfod.ubuntu.com /usr/bin/cmake --build /home/sharshith/Downloads/AdvancedProject/ros2_ws/build/mobile_base_description -- -j4 -l4
[0.707s] Invoking command in '/home/sharshith/Downloads/AdvancedProject/ros2_ws/build/mobile_base_description': CMAKE_PREFIX_PATH=${CMAKE_PREFIX_PATH}:/opt/ros/jazzy DEBUGINFOD_URLS=https://debuginfod.ubuntu.com /usr/bin/cmake --install /home/sharshith/Downloads/AdvancedProject/ros2_ws/build/mobile_base_description
[0.717s] -- Install configuration: ""
[0.718s] -- Execute custom install script
[0.718s] -- Symlinking: /home/sharshith/Downloads/AdvancedProject/ros2_ws/install/mobile_base_description/share/mobile_base_description//urdf/common_properties.xacro
[0.729s] -- Symlinking: /home/sharshith/Downloads/AdvancedProject/ros2_ws/install/mobile_base_description/share/mobile_base_description//urdf/mobile_base.urdf.xacro.bck
[0.740s] -- Symlinking: /home/sharshith/Downloads/AdvancedProject/ros2_ws/install/mobile_base_description/share/mobile_base_description//urdf/mobile_base.xacro
[0.751s] -- Symlinking: /home/sharshith/Downloads/AdvancedProject/ros2_ws/install/mobile_base_description/share/mobile_base_description//urdf/mobile_base_gazebo.xacro
[0.761s] -- Symlinking: /home/sharshith/Downloads/AdvancedProject/ros2_ws/install/mobile_base_description/share/mobile_base_description//urdf/my_robot.urdf.xacro
[0.772s] -- Up-to-date symlink: /home/sharshith/Downloads/AdvancedProject/ros2_ws/install/mobile_base_description/share/mobile_base_description//launch/display.launch.py
[0.772s] -- Up-to-date symlink: /home/sharshith/Downloads/AdvancedProject/ros2_ws/install/mobile_base_description/share/mobile_base_description//launch/display.launch.xml
[0.772s] -- Up-to-date symlink: /home/sharshith/Downloads/AdvancedProject/ros2_ws/install/mobile_base_description/share/mobile_base_description//rviz/urdf_config.rviz
[0.773s] -- Up-to-date symlink: /home/sharshith/Downloads/AdvancedProject/ros2_ws/install/mobile_base_description/share/ament_index/resource_index/package_run_dependencies/mobile_base_description
[0.773s] -- Up-to-date symlink: /home/sharshith/Downloads/AdvancedProject/ros2_ws/install/mobile_base_description/share/ament_index/resource_index/parent_prefix_path/mobile_base_description
[0.774s] -- Up-to-date symlink: /home/sharshith/Downloads/AdvancedProject/ros2_ws/install/mobile_base_description/share/mobile_base_description/environment/ament_prefix_path.sh
[0.774s] -- Up-to-date symlink: /home/sharshith/Downloads/AdvancedProject/ros2_ws/install/mobile_base_description/share/mobile_base_description/environment/ament_prefix_path.dsv
[0.774s] -- Up-to-date symlink: /home/sharshith/Downloads/AdvancedProject/ros2_ws/install/mobile_base_description/share/mobile_base_description/environment/path.sh
[0.775s] -- Up-to-date symlink: /home/sharshith/Downloads/AdvancedProject/ros2_ws/install/mobile_base_description/share/mobile_base_description/environment/path.dsv
[0.775s] -- Up-to-date symlink: /home/sharshith/Downloads/AdvancedProject/ros2_ws/install/mobile_base_description/share/mobile_base_description/local_setup.bash
[0.775s] -- Up-to-date symlink: /home/sharshith/Downloads/AdvancedProject/ros2_ws/install/mobile_base_description/share/mobile_base_description/local_setup.sh
[0.775s] -- Up-to-date symlink: /home/sharshith/Downloads/AdvancedProject/ros2_ws/install/mobile_base_description/share/mobile_base_description/local_setup.zsh
[0.776s] -- Up-to-date symlink: /home/sharshith/Downloads/AdvancedProject/ros2_ws/install/mobile_base_description/share/mobile_base_description/local_setup.dsv
[0.776s] -- Symlinking: /home/sharshith/Downloads/AdvancedProject/ros2_ws/install/mobile_base_description/share/mobile_base_description/package.dsv
[0.787s] -- Up-to-date symlink: /home/sharshith/Downloads/AdvancedProject/ros2_ws/install/mobile_base_description/share/ament_index/resource_index/packages/mobile_base_description
[0.787s] -- Up-to-date symlink: /home/sharshith/Downloads/AdvancedProject/ros2_ws/install/mobile_base_description/share/mobile_base_description/cmake/mobile_base_descriptionConfig.cmake
[0.787s] -- Up-to-date symlink: /home/sharshith/Downloads/AdvancedProject/ros2_ws/install/mobile_base_description/share/mobile_base_description/cmake/mobile_base_descriptionConfig-version.cmake
[0.787s] -- Up-to-date symlink: /home/sharshith/Downloads/AdvancedProject/ros2_ws/install/mobile_base_description/share/mobile_base_description/package.xml
[0.791s] Invoked command in '/home/sharshith/Downloads/AdvancedProject/ros2_ws/build/mobile_base_description' returned '0': CMAKE_PREFIX_PATH=${CMAKE_PREFIX_PATH}:/opt/ros/jazzy DEBUGINFOD_URLS=https://debuginfod.ubuntu.com /usr/bin/cmake --install /home/sharshith/Downloads/AdvancedProject/ros2_ws/build/mobile_base_description
